2012-11-29 19:58:12,703 0    [main] DEBUG org.cong.complexNetwork.test.Test  - Nodes 100
2012-11-29 19:58:12,706 3    [main] DEBUG org.cong.complexNetwork.test.Test  - Edges 634
2012-11-29 19:58:12,707 4    [main] DEBUG org.cong.complexNetwork.test.Test  - Nodes 100
2012-11-29 19:58:12,707 4    [main] DEBUG org.cong.complexNetwork.test.Test  - Edges 634
2012-11-29 19:58:12,707 4    [main] DEBUG org.cong.complexNetwork.test.Test  - t1 0
2012-11-29 19:58:12,707 4    [main] DEBUG org.cong.complexNetwork.test.Test  - t2 0
2012-11-29 19:58:12,707 4    [main] DEBUG org.cong.complexNetwork.test.Test  - Sum of Degree0 1268
2012-11-29 19:58:12,707 4    [main] DEBUG org.cong.complexNetwork.test.Test  - Sum of Degree1 1268
2012-11-29 19:58:13,506 803  [main] DEBUG org.cong.complexNetwork.test.Test  - generating file...
2012-11-29 19:58:13,839 1136 [main] INFO  org.cong.complexNetwork.test.Test  - E:\WORKSPACE\gitHome\repository\cong.Internet.BRITE\cong.Internet.BRITE\test.gexf
2012-11-29 19:58:34,724 0    [main] DEBUG org.cong.complexNetwork.test.Test  - Nodes 100
2012-11-29 19:58:34,727 3    [main] DEBUG org.cong.complexNetwork.test.Test  - Edges 662
2012-11-29 19:58:45,577 10853 [main] DEBUG org.cong.complexNetwork.test.Test  - Nodes 1000
2012-11-29 19:58:45,577 10853 [main] DEBUG org.cong.complexNetwork.test.Test  - Edges 5162
2012-11-29 19:58:45,578 10854 [main] DEBUG org.cong.complexNetwork.test.Test  - t1 0
2012-11-29 19:58:45,578 10854 [main] DEBUG org.cong.complexNetwork.test.Test  - t2 0
2012-11-29 19:58:45,578 10854 [main] DEBUG org.cong.complexNetwork.test.Test  - Sum of Degree0 10324
2012-11-29 19:58:45,578 10854 [main] DEBUG org.cong.complexNetwork.test.Test  - Sum of Degree1 10324
2012-11-29 19:58:45,830 11106 [main] DEBUG org.cong.complexNetwork.test.Test  - generating file...
2012-11-29 19:58:46,109 11385 [main] INFO  org.cong.complexNetwork.test.Test  - E:\WORKSPACE\gitHome\repository\cong.Internet.BRITE\cong.Internet.BRITE\test.gexf
